<?xml version="1.0" encoding="UTF-8" ?>
<testsuite tests="4" failures="2" name="PrintingACollectionTest" time="0.084" errors="0" skipped="0">
  <properties>
[...]
</properties>
  <testcase classname="PrintingACollectionTest" name="toStringPrintsNothing" time="0.002"/>
  <testcase classname="PrintingACollectionTest" name="collectionWithTwoOrMoreElements" time="0.082">
    <failure message="When the code was:
SimpleCollection c = new SimpleCollection(&quot;collection-626&quot;);
c.add(&quot;element-07c&quot;);
c.add(&quot;element-07c&quot;);
System.out.println(c);
Expected output:
The collection collection-626 has 2 elements:
element-07c
element-3eb

Currently output is:
The collection alphabet has 2 elements:
element-07c
element-3eb
 expected:&lt;The collection [collection-626] has 2 elements:
ele...&gt; but was:&lt;The collection [alphabet] has 2 elements:
ele...&gt;" type="org.junit.ComparisonFailure">org.junit.ComparisonFailure: When the code was:
SimpleCollection c = new SimpleCollection(&quot;collection-626&quot;);
c.add(&quot;element-07c&quot;);
c.add(&quot;element-07c&quot;);
System.out.println(c);
Expected output:
The collection collection-626 has 2 elements:
element-07c
element-3eb

Currently output is:
The collection alphabet has 2 elements:
element-07c
element-3eb
 expected:&lt;The collection [collection-626] has 2 elements:
ele...&gt; but was:&lt;The collection [alphabet] has 2 elements:
ele...&gt;
	at org.junit.Assert.assertEquals(Assert.java:115)
	at PrintingACollectionTest.collectionWithTwoOrMoreElements(PrintingACollectionTest.java:66)
	at java.base/jdk.internal.reflect.NativeMethodAccessorImpl.invoke0(Native Method)
	at java.base/jdk.internal.reflect.NativeMethodAccessorImpl.invoke(NativeMethodAccessorImpl.java:62)
	at java.base/jdk.internal.reflect.DelegatingMethodAccessorImpl.invoke(DelegatingMethodAccessorImpl.java:43)
	at java.base/java.lang.reflect.Method.invoke(Method.java:566)
	at org.junit.runners.model.FrameworkMethod$1.runReflectiveCall(FrameworkMethod.java:50)
	at org.junit.internal.runners.model.ReflectiveCallable.run(ReflectiveCallable.java:12)
	at org.junit.runners.model.FrameworkMethod.invokeExplosively(FrameworkMethod.java:47)
	at org.junit.internal.runners.statements.InvokeMethod.evaluate(InvokeMethod.java:17)
	at fi.helsinki.cs.tmc.edutestutils.MockStdio$1.evaluate(MockStdio.java:106)
	at org.junit.rules.RunRules.evaluate(RunRules.java:20)
	at org.junit.runners.ParentRunner.runLeaf(ParentRunner.java:325)
	at org.junit.runners.BlockJUnit4ClassRunner.runChild(BlockJUnit4ClassRunner.java:78)
	at org.junit.runners.BlockJUnit4ClassRunner.runChild(BlockJUnit4ClassRunner.java:57)
	at org.junit.runners.ParentRunner$3.run(ParentRunner.java:290)
	at org.junit.runners.ParentRunner$1.schedule(ParentRunner.java:71)
	at org.junit.runners.ParentRunner.runChildren(ParentRunner.java:288)
	at org.junit.runners.ParentRunner.access$000(ParentRunner.java:58)
	at org.junit.runners.ParentRunner$2.evaluate(ParentRunner.java:268)
	at org.junit.runners.ParentRunner.run(ParentRunner.java:363)
	at org.apache.maven.surefire.junit4.JUnit4Provider.execute(JUnit4Provider.java:252)
	at org.apache.maven.surefire.junit4.JUnit4Provider.executeTestSet(JUnit4Provider.java:141)
	at org.apache.maven.surefire.junit4.JUnit4Provider.invoke(JUnit4Provider.java:112)
	at java.base/jdk.internal.reflect.NativeMethodAccessorImpl.invoke0(Native Method)
	at java.base/jdk.internal.reflect.NativeMethodAccessorImpl.invoke(NativeMethodAccessorImpl.java:62)
	at java.base/jdk.internal.reflect.DelegatingMethodAccessorImpl.invoke(DelegatingMethodAccessorImpl.java:43)
	at java.base/java.lang.reflect.Method.invoke(Method.java:566)
	at org.apache.maven.surefire.util.ReflectionUtils.invokeMethodWithArray(ReflectionUtils.java:189)
	at org.apache.maven.surefire.booter.ProviderFactory$ProviderProxy.invoke(ProviderFactory.java:165)
	at org.apache.maven.surefire.booter.ProviderFactory.invokeProvider(ProviderFactory.java:85)
	at org.apache.maven.surefire.booter.ForkedBooter.runSuitesInProcess(ForkedBooter.java:115)
	at org.apache.maven.surefire.booter.ForkedBooter.main(ForkedBooter.java:75)
</failure>
  </testcase>
  <testcase classname="PrintingACollectionTest" name="collectionSizeOne" time="0">
    <failure message="When the code was:
SimpleCollection c = new SimpleCollection(&quot;test&quot;);
c.add(&quot;first&quot;);
System.out.println(c);
Expected output:
The collection test has 1 element:
first

Currently output is:
The collection alphabet has 1 element:
first
 expected:&lt;The collection [tes]t has 1 element:
fir...&gt; but was:&lt;The collection [alphabe]t has 1 element:
fir...&gt;" type="org.junit.ComparisonFailure">org.junit.ComparisonFailure: When the code was:
SimpleCollection c = new SimpleCollection(&quot;test&quot;);
c.add(&quot;first&quot;);
System.out.println(c);
Expected output:
The collection test has 1 element:
first

Currently output is:
The collection alphabet has 1 element:
first
 expected:&lt;The collection [tes]t has 1 element:
fir...&gt; but was:&lt;The collection [alphabe]t has 1 element:
fir...&gt;
	at org.junit.Assert.assertEquals(Assert.java:115)
	at PrintingACollectionTest.collectionSizeOne(PrintingACollectionTest.java:47)
	at java.base/jdk.internal.reflect.NativeMethodAccessorImpl.invoke0(Native Method)
	at java.base/jdk.internal.reflect.NativeMethodAccessorImpl.invoke(NativeMethodAccessorImpl.java:62)
	at java.base/jdk.internal.reflect.DelegatingMethodAccessorImpl.invoke(DelegatingMethodAccessorImpl.java:43)
	at java.base/java.lang.reflect.Method.invoke(Method.java:566)
	at org.junit.runners.model.FrameworkMethod$1.runReflectiveCall(FrameworkMethod.java:50)
	at org.junit.internal.runners.model.ReflectiveCallable.run(ReflectiveCallable.java:12)
	at org.junit.runners.model.FrameworkMethod.invokeExplosively(FrameworkMethod.java:47)
	at org.junit.internal.runners.statements.InvokeMethod.evaluate(InvokeMethod.java:17)
	at fi.helsinki.cs.tmc.edutestutils.MockStdio$1.evaluate(MockStdio.java:106)
	at org.junit.rules.RunRules.evaluate(RunRules.java:20)
	at org.junit.runners.ParentRunner.runLeaf(ParentRunner.java:325)
	at org.junit.runners.BlockJUnit4ClassRunner.runChild(BlockJUnit4ClassRunner.java:78)
	at org.junit.runners.BlockJUnit4ClassRunner.runChild(BlockJUnit4ClassRunner.java:57)
	at org.junit.runners.ParentRunner$3.run(ParentRunner.java:290)
	at org.junit.runners.ParentRunner$1.schedule(ParentRunner.java:71)
	at org.junit.runners.ParentRunner.runChildren(ParentRunner.java:288)
	at org.junit.runners.ParentRunner.access$000(ParentRunner.java:58)
	at org.junit.runners.ParentRunner$2.evaluate(ParentRunner.java:268)
	at org.junit.runners.ParentRunner.run(ParentRunner.java:363)
	at org.apache.maven.surefire.junit4.JUnit4Provider.execute(JUnit4Provider.java:252)
	at org.apache.maven.surefire.junit4.JUnit4Provider.executeTestSet(JUnit4Provider.java:141)
	at org.apache.maven.surefire.junit4.JUnit4Provider.invoke(JUnit4Provider.java:112)
	at java.base/jdk.internal.reflect.NativeMethodAccessorImpl.invoke0(Native Method)
	at java.base/jdk.internal.reflect.NativeMethodAccessorImpl.invoke(NativeMethodAccessorImpl.java:62)
	at java.base/jdk.internal.reflect.DelegatingMethodAccessorImpl.invoke(DelegatingMethodAccessorImpl.java:43)
	at java.base/java.lang.reflect.Method.invoke(Method.java:566)
	at org.apache.maven.surefire.util.ReflectionUtils.invokeMethodWithArray(ReflectionUtils.java:189)
	at org.apache.maven.surefire.booter.ProviderFactory$ProviderProxy.invoke(ProviderFactory.java:165)
	at org.apache.maven.surefire.booter.ProviderFactory.invokeProvider(ProviderFactory.java:85)
	at org.apache.maven.surefire.booter.ForkedBooter.runSuitesInProcess(ForkedBooter.java:115)
	at org.apache.maven.surefire.booter.ForkedBooter.main(ForkedBooter.java:75)
</failure>
  </testcase>
  <testcase classname="PrintingACollectionTest" name="emptyCollection" time="0"/>
</testsuite>